DEBUG:urllib3.connectionpool:Starting new HTTPS connection (1): www.virustotal.com:443
DEBUG:urllib3.connectionpool:https://www.virustotal.com:443 "GET /vtapi/v2/url/report?apikey=88ce3aa98fa3c833d4081ffc30b836759a03a2c9ff84ea76f254f6dffa2f4c05&resource=http%3A%2F%2Fcorndog.io%2F&resource=https%3A%2F%2Falwaysjudgeabookbyitscover.com%2F&resource=https%3A%2F%2Fmondrianandme.com%2F&resource=https%3A%2F%2Fheeeeeeeey.com%2F&resource=https%3A%2F%2Fthatsthefinger.com%2F HTTP/1.1" 200 5918
DEBUG:urllib3.connectionpool:Starting new HTTPS connection (1): www.virustotal.com:443
DEBUG:urllib3.connectionpool:https://www.virustotal.com:443 "GET /vtapi/v2/url/report?apikey=88ce3aa98fa3c833d4081ffc30b836759a03a2c9ff84ea76f254f6dffa2f4c05&resource=http%3A%2F%2Fcorndog.io%2F HTTP/1.1" 200 5918
DEBUG:urllib3.connectionpool:Starting new HTTPS connection (1): www.virustotal.com:443
DEBUG:urllib3.connectionpool:https://www.virustotal.com:443 "GET /vtapi/v2/url/report?apikey=88ce3aa98fa3c833d4081ffc30b836759a03a2c9ff84ea76f254f6dffa2f4c05&resource=https%3A%2F%2Falwaysjudgeabookbyitscover.com%2F HTTP/1.1" 200 6004
DEBUG:urllib3.connectionpool:Starting new HTTPS connection (1): www.virustotal.com:443
DEBUG:urllib3.connectionpool:https://www.virustotal.com:443 "GET /vtapi/v2/url/report?apikey=88ce3aa98fa3c833d4081ffc30b836759a03a2c9ff84ea76f254f6dffa2f4c05&resource=https%3A%2F%2Fmondrianandme.com%2F HTTP/1.1" 200 5947
DEBUG:urllib3.connectionpool:Starting new HTTPS connection (1): www.virustotal.com:443
DEBUG:urllib3.connectionpool:https://www.virustotal.com:443 "GET /vtapi/v2/url/report?apikey=88ce3aa98fa3c833d4081ffc30b836759a03a2c9ff84ea76f254f6dffa2f4c05&resource=https%3A%2F%2Fheeeeeeeey.com%2F HTTP/1.1" 200 5935
DEBUG:urllib3.connectionpool:Starting new HTTPS connection (1): www.virustotal.com:443
DEBUG:urllib3.connectionpool:https://www.virustotal.com:443 "GET /vtapi/v2/url/report?apikey=88ce3aa98fa3c833d4081ffc30b836759a03a2c9ff84ea76f254f6dffa2f4c05&resource=https%3A%2F%2Fthatsthefinger.com%2F HTTP/1.1" 200 5951
DEBUG:urllib3.connectionpool:Starting new HTTPS connection (1): www.virustotal.com:443
DEBUG:urllib3.connectionpool:https://www.virustotal.com:443 "GET /vtapi/v2/url/report?apikey=88ce3aa98fa3c833d4081ffc30b836759a03a2c9ff84ea76f254f6dffa2f4c05&resource=http%3A%2F%2Fcorndog.io%2F&resource=https%3A%2F%2Falwaysjudgeabookbyitscover.com%2F&resource=https%3A%2F%2Fmondrianandme.com%2F&resource=https%3A%2F%2Fheeeeeeeey.com%2F&resource=https%3A%2F%2Fthatsthefinger.com%2F HTTP/1.1" 200 5918
DEBUG:urllib3.connectionpool:Starting new HTTPS connection (1): www.virustotal.com:443
DEBUG:urllib3.connectionpool:https://www.virustotal.com:443 "GET /vtapi/v2/url/report?apikey=88ce3aa98fa3c833d4081ffc30b836759a03a2c9ff84ea76f254f6dffa2f4c05&resource=http%3A%2F%2Fcorndog.io%2F HTTP/1.1" 200 5918
DEBUG:urllib3.connectionpool:Starting new HTTPS connection (1): www.virustotal.com:443
DEBUG:urllib3.connectionpool:https://www.virustotal.com:443 "GET /vtapi/v2/url/report?apikey=88ce3aa98fa3c833d4081ffc30b836759a03a2c9ff84ea76f254f6dffa2f4c05&resource=https%3A%2F%2Falwaysjudgeabookbyitscover.com%2F HTTP/1.1" 200 6004
DEBUG:urllib3.connectionpool:Starting new HTTPS connection (1): www.virustotal.com:443
DEBUG:urllib3.connectionpool:https://www.virustotal.com:443 "GET /vtapi/v2/url/report?apikey=88ce3aa98fa3c833d4081ffc30b836759a03a2c9ff84ea76f254f6dffa2f4c05&resource=https%3A%2F%2Fmondrianandme.com%2F HTTP/1.1" 200 5947
DEBUG:urllib3.connectionpool:Starting new HTTPS connection (1): www.virustotal.com:443
DEBUG:urllib3.connectionpool:https://www.virustotal.com:443 "GET /vtapi/v2/url/report?apikey=88ce3aa98fa3c833d4081ffc30b836759a03a2c9ff84ea76f254f6dffa2f4c05&resource=https%3A%2F%2Fheeeeeeeey.com%2F HTTP/1.1" 200 5935
DEBUG:urllib3.connectionpool:Starting new HTTPS connection (1): www.virustotal.com:443
DEBUG:urllib3.connectionpool:https://www.virustotal.com:443 "GET /vtapi/v2/url/report?apikey=88ce3aa98fa3c833d4081ffc30b836759a03a2c9ff84ea76f254f6dffa2f4c05&resource=https%3A%2F%2Fthatsthefinger.com%2F HTTP/1.1" 200 5951
DEBUG:urllib3.connectionpool:Starting new HTTPS connection (1): www.virustotal.com:443
DEBUG:urllib3.connectionpool:https://www.virustotal.com:443 "GET /vtapi/v2/url/report?apikey=88ce3aa98fa3c833d4081ffc30b836759a03a2c9ff84ea76f254f6dffa2f4c05&resource=http%3A%2F%2Fcorndog.io%2F&resource=https%3A%2F%2Falwaysjudgeabookbyitscover.com%2F&resource=https%3A%2F%2Fmondrianandme.com%2F&resource=https%3A%2F%2Fheeeeeeeey.com%2F&resource=https%3A%2F%2Fthatsthefinger.com%2F HTTP/1.1" 200 5918
DEBUG:urllib3.connectionpool:Starting new HTTPS connection (1): www.virustotal.com:443
DEBUG:urllib3.connectionpool:https://www.virustotal.com:443 "GET /vtapi/v2/url/report?apikey=88ce3aa98fa3c833d4081ffc30b836759a03a2c9ff84ea76f254f6dffa2f4c05&resource=http%3A%2F%2Fcorndog.io%2F HTTP/1.1" 200 5918
DEBUG:urllib3.connectionpool:Starting new HTTPS connection (1): www.virustotal.com:443
DEBUG:urllib3.connectionpool:https://www.virustotal.com:443 "GET /vtapi/v2/url/report?apikey=88ce3aa98fa3c833d4081ffc30b836759a03a2c9ff84ea76f254f6dffa2f4c05&resource=https%3A%2F%2Falwaysjudgeabookbyitscover.com%2F HTTP/1.1" 200 6004
DEBUG:urllib3.connectionpool:Starting new HTTPS connection (1): www.virustotal.com:443
DEBUG:urllib3.connectionpool:https://www.virustotal.com:443 "GET /vtapi/v2/url/report?apikey=88ce3aa98fa3c833d4081ffc30b836759a03a2c9ff84ea76f254f6dffa2f4c05&resource=https%3A%2F%2Fmondrianandme.com%2F HTTP/1.1" 200 5947
DEBUG:urllib3.connectionpool:Starting new HTTPS connection (1): www.virustotal.com:443
DEBUG:urllib3.connectionpool:https://www.virustotal.com:443 "GET /vtapi/v2/url/report?apikey=88ce3aa98fa3c833d4081ffc30b836759a03a2c9ff84ea76f254f6dffa2f4c05&resource=https%3A%2F%2Fheeeeeeeey.com%2F HTTP/1.1" 200 5935
DEBUG:urllib3.connectionpool:Starting new HTTPS connection (1): www.virustotal.com:443
DEBUG:urllib3.connectionpool:https://www.virustotal.com:443 "GET /vtapi/v2/url/report?apikey=88ce3aa98fa3c833d4081ffc30b836759a03a2c9ff84ea76f254f6dffa2f4c05&resource=https%3A%2F%2Fthatsthefinger.com%2F HTTP/1.1" 200 5951
